[2026-02-23T06:42:53.178166800] InsufficientArgumentsException: Missing arguments. - Input: "No Argument"
[2026-02-23T06:43:38.579623] InvalidFileNameException: File must end with .txt - Input: "Java Programming:John Smith:1234567890123:5"
[2026-02-23T06:44:26.018427200] InvalidISBNException: ISBN must be 13 digits and numeric: 1234 - Input: "1234"
[2026-02-23T06:45:25.355691100] MalformedBookEntryException: Invalid format (need 4 fields) - Input: "Title:Author:1234567890123"
[2026-02-23T06:46:11.572277900] MalformedBookEntryException: Title or Author empty - Input: ":Author:1234567890123:5"
[2026-02-23T06:47:06.469497900] InvalidISBNException: ISBN must be 13 digits - Input: "Java Programming:John Smith:1234567890AAA:5"
[2026-02-23T06:47:40.718210600] MalformedBookEntryException: Copies must be a number - Input: "Java Programming:John Smith:1234567890123:abs"
[2026-02-23T06:48:04.889654300] MalformedBookEntryException: Copies must be > 0 - Input: "Java Programming:John Smith:1234567890123:0"
[2026-02-23T06:50:27.557253400] DuplicateISBNException: More than one book with ISBN: 1234567890123 - Input: "1234567890123"
[2026-02-25T00:14:18.871655500] InvalidISBNException: ISBN must be 13 digits - Input: "Dark : Raghd : 1234567890987: 4"
[2026-02-25T00:47:08.107154700] InvalidISBNException: ISBN must be 13 digits - Input: "Anne:Maik:2345678901kkf:6"
[2026-02-25T00:47:39.710036300] MalformedBookEntryException: Invalid format (need 4 fields) - Input: "Anne:Maik:2345678901456"
[2026-02-25T00:48:22.902175400] MalformedBookEntryException: Title or Author empty - Input: ":Maik:2345678901456:9"
[2026-02-25T00:48:58.727100100] InvalidISBNException: ISBN must be 13 digits - Input: "Anne:Maik:2345678901kkf:0"
[2026-02-25T00:49:18.431954200] MalformedBookEntryException: Copies must be > 0 - Input: "Anne:Maik:2345678901456:0"
[2026-02-25T00:49:27.756949] MalformedBookEntryException: Copies must be a number - Input: "Anne:Maik:2345678901456:abc"
[2026-02-25T00:50:18.680119900] DuplicateISBNException: More than one book with ISBN: 1234567890123 - Input: "1234567890123"
[2026-02-25T01:12:45.750442100] java.io.FileNotFoundException: book.txt (The system cannot find the file specified) - Input: "aaa:bbb:1234567890234:4"
[2026-02-25T01:15:54.530636500] java.io.FileNotFoundException: book.txt (The system cannot find the file specified) - Input: "hhh:jjj:0987654321123:8"
[2026-02-25T01:19:24.343584800] java.io.FileNotFoundException: book.txt (The system cannot find the file specified) - Input: "ddd:kkk:0987654321123:9"
[2026-02-25T01:22:05.902361800] java.io.FileNotFoundException: book.txt (The system cannot find the file specified) - Input: "ddd:kkk:0987654321123:9"
[2026-02-25T01:52:59.844372500] java.io.FileNotFoundException: catalog.pdf (The system cannot find the file specified) - Input: "yy:kk:0987654321123:9"
[2026-02-25T01:54:31.695841500] java.io.FileNotFoundException: book.txt (The system cannot find the file specified) - Input: "yy:kk:0987654321123:9"
[2026-02-25T02:01:42.806353] InvalidISBNException: ISBN must be 13 digits - Input: "tired : sad :56789012341234:9"
[2026-02-25T04:45:56.030523100] java.lang.IllegalArgumentException: Missing arguments - Input: "Missing Arg"
[2026-02-25T05:13:23.029563900] InvalidFileNameException: File must end with .txt - Input: "Missing Arg"
[2026-02-25T05:13:23.085723400] java.io.FileNotFoundException: catalog.pdf (The system cannot find the file specified) - Input: "try:erorr:1234567890444:9"
[2026-02-25T05:13:45.502037800] InvalidISBNException: ISBN must be 13 digits and numeric: 1234 - Input: "1234"
[2026-02-25T05:14:28.921429400] MalformedBookEntryException: Title or Author empty - Input: ":empty:0987654321333:8"
[2026-02-25T05:15:01.534842900] InvalidISBNException: ISBN must be 13 digits and numeric: one:two:three - Input: "one:two:three"
[2026-02-25T05:15:28.495104900] MalformedBookEntryException: Invalid format (need 4 fields) - Input: "one:two:1234567890777"
[2026-02-25T05:16:12.629794400] InvalidISBNException: ISBN must be 13 digits - Input: "qqq:hhh:1234567890DDD:6"
[2026-02-25T05:16:39.502411900] MalformedBookEntryException: Copies must be > 0 - Input: "qqq:hhh:1234567890111:0"
[2026-02-25T05:16:57.457806400] MalformedBookEntryException: Copies must be a number - Input: "qqq:hhh:1234567890111:a"
[2026-02-25T05:26:17.550554500] InvalidISBNException: ISBN must be 13 digits - Input: "qqq:hhh:1234567890DDD:6"
[2026-02-25T05:26:47.774081700] DuplicateISBNException: More than one book with ISBN: 1234567890123 - Input: "1234567890123"
